\BOOKMARK [1][]{section.1}{\376\377\116\000\060\001\000\040\225\356\230\230\221\315\217\360}{}% 1
\BOOKMARK [2][]{subsection.1.1}{\376\377\0001\000.\0001\000\040\225\356\230\230\200\314\146\157}{section.1}% 2
\BOOKMARK [2][]{subsection.1.2}{\376\377\0001\000.\0002\000\040\225\356\230\230\211\201\154\102}{section.1}% 3
\BOOKMARK [1][]{section.2}{\376\377\116\214\060\001\000\040\225\356\230\230\122\006\147\220}{}% 4
\BOOKMARK [2][]{subsection.2.1}{\376\377\0002\000.\0001\000\040\225\356\230\230\116\000\122\006\147\220}{section.2}% 5
\BOOKMARK [2][]{subsection.2.2}{\376\377\0002\000.\0002\000\040\225\356\230\230\116\214\122\006\147\220}{section.2}% 6
\BOOKMARK [2][]{subsection.2.3}{\376\377\0002\000.\0003\000\040\225\356\230\230\116\011\122\006\147\220}{section.2}% 7
\BOOKMARK [1][]{section.3}{\376\377\116\011\060\001\000\040\152\041\127\213\120\107\213\276}{}% 8
\BOOKMARK [1][]{section.4}{\376\377\126\333\060\001\000\040\173\046\123\367\213\364\146\016}{}% 9
\BOOKMARK [1][]{section.5}{\376\377\116\224\060\001\000\040\225\356\230\230\116\000\166\204\152\041\127\213\166\204\136\372\172\313\124\214\154\102\211\343}{}% 10
\BOOKMARK [2][]{subsection.5.1}{\376\377\0005\000.\0001\000\040\152\041\127\213\136\372\172\313}{section.5}% 11
\BOOKMARK [3][]{subsubsection.5.1.1}{\376\377\0005\000.\0001\000.\0001\000\040\123\314\121\111\147\137\136\162\155\211\166\204\127\372\147\054\123\237\164\006}{subsection.5.1}% 12
\BOOKMARK [3][]{subsubsection.5.1.2}{\376\377\0005\000.\0001\000.\0002\000\040\145\160\133\146\152\041\127\213\136\372\172\313}{subsection.5.1}% 13
\BOOKMARK [1][]{section.6}{\376\377\121\155\060\001\000\040\173\054\116\214\225\356\166\204\152\041\127\213\166\204\136\372\172\313\124\214\154\102\211\343}{}% 14
\BOOKMARK [2][]{subsection.6.1}{\376\377\0006\000.\0001\000\040\145\160\143\156\123\357\211\306\123\026\116\016\230\204\131\004\164\006}{section.6}% 15
\BOOKMARK [3][]{subsubsection.6.1.1}{\376\377\0006\000.\0001\000.\0001\000\040\203\362\155\205\134\024\121\154\137\017}{subsection.6.1}% 16
\BOOKMARK [3][]{subsubsection.6.1.2}{\376\377\0006\000.\0001\000.\0002\000\040\213\241\173\227\142\230\134\004\163\207}{subsection.6.1}% 17
\BOOKMARK [2][]{subsection.6.2}{\376\377\0006\000.\0002\000\040\213\241\173\227\131\026\136\366\134\102\123\232\136\246}{section.6}% 18
\BOOKMARK [2][]{subsection.6.3}{\376\377\0006\000.\0003\000\040\152\041\127\213\232\214\213\301}{section.6}% 19
\BOOKMARK [1][]{section.7}{\376\377\116\003\060\001\000\040\173\054\116\011\225\356\152\041\127\213\122\006\147\220\116\016\154\102\211\343}{}% 20
\BOOKMARK [2][]{subsection.7.1}{\376\377\0007\000.\0001\000\040\137\305\211\201\147\141\116\366}{section.7}% 21
\BOOKMARK [2][]{subsection.7.2}{\376\377\0007\000.\0002\000\040\152\041\127\213\136\372\172\313}{section.7}% 22
\BOOKMARK [3][]{subsubsection.7.2.1}{\376\377\0007\000.\0002\000.\0001\000\040\123\232\136\246\213\241\173\227\000\040\173\227\154\325}{subsection.7.2}% 23
\BOOKMARK [3][]{subsubsection.7.2.2}{\376\377\0007\000.\0002\000.\0002\000\040\131\032\154\342\147\137\136\162\155\211\166\204\122\044\133\232\123\163\140\047\215\050\122\051\165\050}{subsection.7.2}% 24
\BOOKMARK [2][]{subsection.7.3}{\376\377\0007\000.\0003\000\040\152\041\127\213\154\102\211\343}{section.7}% 25
\BOOKMARK [3][]{subsubsection.7.3.1}{\376\377\0007\000.\0003\000.\0001\000\040\145\160\143\156\131\004\164\006}{subsection.7.3}% 26
\BOOKMARK [2][]{subsection.7.4}{\376\377\0007\000.\0004\000\040\154\102\211\343\176\323\147\234}{section.7}% 27
\BOOKMARK [2][]{subsection.7.5}{\376\377\0007\000.\0005\000\040\226\104\116\366\0001\060\001\0002\166\204\131\032\154\342\147\137\122\006\147\220}{section.7}% 28
\BOOKMARK [1][]{section*.18}{\376\377\123\302\200\003\145\207\163\056}{}% 29
\BOOKMARK [1][]{appendix.1.A}{\376\377\226\104\137\125\000\040\000A\000\040\145\207\116\366\122\027\210\150}{}% 30
\BOOKMARK [1][]{appendix.1.B}{\376\377\226\104\137\125\000\040\000B\000\040\116\343\170\001}{}% 31
